app/mapping.txt
com.laloosh.textmuse.utils.AndroidUtils -> com.laloosh.textmuse.a:
    12:12:boolean hasHoneycomb() -> a
    24:24:boolean hasTextSizeBug() -> b
com.laloosh.textmuse.utils.AzureIntegrationSingleton -> com.laloosh.textmuse.b:
    com.microsoft.windowsazure.mobileservices.MobileServiceClient mClient -> a
    boolean mStarted -> b
    20:20:com.laloosh.textmuse.utils.AzureIntegrationSingleton getInstance() -> a
    23:30:void <init>() -> <init>
    37:45:void startupIntegration(android.content.Context) -> a
    48:48:com.microsoft.windowsazure.mobileservices.MobileServiceClient getClient() -> b
    52:52:boolean getStarted() -> c
    12:12:void <init>(com.laloosh.textmuse.utils.AzureIntegrationSingleton$1) -> <init>
com.laloosh.textmuse.utils.AzureIntegrationSingleton$1 -> com.laloosh.textmuse.c:
com.laloosh.textmuse.utils.AzureIntegrationSingleton$SingletonHolder -> com.laloosh.textmuse.d:
    com.laloosh.textmuse.utils.AzureIntegrationSingleton instance -> a
    15:15:com.laloosh.textmuse.utils.AzureIntegrationSingleton access$100() -> a
    16:16:void <clinit>() -> <clinit>
com.laloosh.textmuse.utils.AzureTextMuseNotificationHandler -> com.laloosh.textmuse.e:
    23:23:void <init>() -> <init>
    27:69:void onRegistered(android.content.Context,java.lang.String) -> onRegistered
    73:84:void onReceive(android.content.Context,android.os.Bundle) -> onReceive
    91:124:void showReminderNotification(android.content.Context,java.lang.String,java.lang.String,java.lang.String,java.lang.String) -> a
com.laloosh.textmuse.utils.AzureTextMuseNotificationHandler$1 -> com.laloosh.textmuse.f:
    android.content.Context val$context -> a
    java.lang.String val$gcmRegistrationId -> b
    com.laloosh.textmuse.utils.AzureTextMuseNotificationHandler this$0 -> c
    29:29:void <init>(com.laloosh.textmuse.utils.AzureTextMuseNotificationHandler,android.content.Context,java.lang.String) -> <init>
    32:66:java.lang.Void doInBackground(java.lang.Void[]) -> a
    29:29:java.lang.Object doInBackground(java.lang.Object[]) -> doInBackground
com.laloosh.textmuse.tasks.CalculateFreeSpaceCleanupAsyncTask -> com.laloosh.textmuse.g:
    java.lang.ref.WeakReference mContext -> a
    18:20:void <init>(android.content.Context) -> <init>
    24:46:java.lang.Void doInBackground(java.lang.Void[]) -> a
    51:59:long getFolderSize(java.io.File) -> a
    14:14:java.lang.Object doInBackground(java.lang.Object[]) -> doInBackground
com.laloosh.textmuse.utils.ColorHelpers -> com.laloosh.textmuse.h:
    9:18:int getTextColorForBackground(int) -> a
    24:33:int getTextColorForWhiteBackground(int) -> b
    39:47:int getColorBrightness(int) -> c
com.laloosh.textmuse.utils.ConnectionUtils -> com.laloosh.textmuse.i:
    21:21:void <init>() -> <init>
    27:60:byte[] getUrlBytes(java.lang.String,java.util.HashMap) -> a
    65:67:java.lang.String getUrl(java.lang.String,java.util.HashMap) -> b
    71:83:java.lang.String byteArrayToString(byte[]) -> a
    88:91:java.lang.String postUrl(java.lang.String,java.util.HashMap) -> c
    95:151:byte[] postUrlBytes(java.lang.String,java.util.HashMap) -> d
    218:220:java.net.HttpURLConnection openConnection(java.lang.String) -> a
    224:240:java.lang.String getParamsString(java.util.HashMap) -> a
com.laloosh.textmuse.app.Constants -> com.laloosh.textmuse.j:
    int[] COLOR_LIST -> a
    13:13:void <clinit>() -> <clinit>
...
de.greenrobot.event.SubscriberMethod -> a.a.a.n:
    java.lang.reflect.Method method -> a
    de.greenrobot.event.ThreadMode threadMode -> b
    java.lang.Class eventType -> c
    java.lang.String methodString -> d
    27:31:void <init>(java.lang.reflect.Method,de.greenrobot.event.ThreadMode,java.lang.Class) -> <init>
    35:42:boolean equals(java.lang.Object) -> equals
    47:55:void checkMethodString() -> a
    59:59:int hashCode() -> hashCode
de.greenrobot.event.SubscriberMethodFinder -> a.a.a.o:
    java.util.Map methodCache -> a
    java.util.Map skipMethodVerificationForClasses -> b
    45:52:void <init>(java.util.List) -> <init>
    55:125:java.util.List findSubscriberMethods(java.lang.Class) -> a
    41:41:void <clinit>() -> <clinit>
de.greenrobot.event.Subscription -> a.a.a.p:
    java.lang.Object subscriber -> a
    de.greenrobot.event.SubscriberMethod subscriberMethod -> b
    int priority -> c
    boolean active -> d
    28:33:void <init>(java.lang.Object,de.greenrobot.event.SubscriberMethod,int) -> <init>
    37:42:boolean equals(java.lang.Object) -> equals
    48:48:int hashCode() -> hashCode
de.greenrobot.event.ThreadMode -> a.a.a.q:
    de.greenrobot.event.ThreadMode PostThread -> a
    de.greenrobot.event.ThreadMode MainThread -> b
    de.greenrobot.event.ThreadMode BackgroundThread -> c
    de.greenrobot.event.ThreadMode Async -> d
    de.greenrobot.event.ThreadMode[] $VALUES -> e
    25:25:de.greenrobot.event.ThreadMode[] values() -> values
    25:25:de.greenrobot.event.ThreadMode valueOf(java.lang.String) -> valueOf
    25:25:void <init>(java.lang.String,int) -> <init>
    25:56:void <clinit>() -> <clinit>
org.apache.commons.io.FileUtils -> b.a.a.a.a:
    java.math.BigInteger ONE_KB_BI -> a
    java.math.BigInteger ONE_MB_BI -> b
    java.math.BigInteger ONE_GB_BI -> c
    java.math.BigInteger ONE_TB_BI -> d
    java.math.BigInteger ONE_PB_BI -> e
    java.math.BigInteger ONE_EB_BI -> f
    java.math.BigInteger ONE_ZB -> g
    java.math.BigInteger ONE_YB -> h
    java.io.File[] EMPTY_FILE_ARRAY -> i
    java.nio.charset.Charset UTF8 -> j
    1530:1543:void deleteDirectory(java.io.File) -> a
    1635:1662:void cleanDirectory(java.io.File) -> b
    2269:2282:void forceDelete(java.io.File) -> c
    2921:2938:boolean isSymlink(java.io.File) -> d
    95:180:void <clinit>() -> <clinit>
org.apache.commons.io.FilenameUtils -> b.a.a.a.b:
    java.lang.String EXTENSION_SEPARATOR_STR -> a
    char SYSTEM_SEPARATOR -> b
    char OTHER_SEPARATOR -> c
    138:138:boolean isSystemWindows() -> a
    95:122:void <clinit>() -> <clinit>
org.apache.commons.io.IOUtils -> b.a.a.a.c:
    char DIR_SEPARATOR -> a
    java.lang.String LINE_SEPARATOR -> b
    193:194:void closeQuietly(java.io.Reader) -> a
    246:247:void closeQuietly(java.io.InputStream) -> a
    274:275:void closeQuietly(java.io.OutputStream) -> a
    302:308:void closeQuietly(java.io.Closeable) -> a
    461:463:byte[] toByteArray(java.io.InputStream) -> b
    1744:1748:int copy(java.io.InputStream,java.io.OutputStream) -> a
    1769:1769:long copyLarge(java.io.InputStream,java.io.OutputStream) -> b
    1790:1796:long copyLarge(java.io.InputStream,java.io.OutputStream,byte[]) -> a
    101:122:void <clinit>() -> <clinit>
org.apache.commons.io.output.ByteArrayOutputStream -> b.a.a.a.a.a:
    byte[] EMPTY_BYTE_ARRAY -> a
    java.util.List buffers -> b
    int currentBufferIndex -> c
    int filledBufferSum -> d
    byte[] currentBuffer -> e
    int count -> f
    75:76:void <init>() -> <init>
    60:93:void <init>(int) -> <init>
    102:125:void needNewBuffer(int) -> a
    135:159:void write(byte[],int,int) -> write
    167:174:void write(int) -> write
    223:223:void close() -> close
    318:333:byte[] toByteArray() -> a
    343:343:java.lang.String toString() -> toString
    57:57:void <clinit>() -> <clinit>